<?xml version="1.0" encoding="UTF-8"?>
<testsuite xmlns:xsi="http://www.w3.org/2001/XMLSchema-instance" xsi:noNamespaceSchemaLocation="https://maven.apache.org/surefire/maven-surefire-plugin/xsd/surefire-test-report-3.0.xsd" version="3.0" name="com.cloudvault.filestorage.controller.AuthControllerTest" time="1.002" tests="5" errors="0" skipped="0" failures="3">
  <properties>
[...]
</properties>
  <testcase name="getCurrentUser_Unauthorized" classname="com.cloudvault.filestorage.controller.AuthControllerTest" time="0.039">
    <system-out><![CDATA[2025-08-09 20:48:51 - Could not detect default configuration classes for test class [com.cloudvault.filestorage.controller.AuthControllerTest]: AuthControllerTest does not declare any static, non-private, non-final, nested classes annotated with @Configuration.
2025-08-09 20:48:51 - Found @SpringBootConfiguration com.cloudvault.filestorage.CloudVaultApplication for test class com.cloudvault.filestorage.controller.AuthControllerTest

  .   ____          _            __ _ _
 /\\ / ___'_ __ _ _(_)_ __  __ _ \ \ \ \
( ( )\___ | '_ | '_| | '_ \/ _` | \ \ \ \
 \\/  ___)| |_)| | | | | || (_| |  ) ) ) )
  '  |____| .__|_| |_|_| |_\__, | / / / /
 =========|_|==============|___/=/_/_/_/
&amp#27;[32m :: Spring Boot :: &amp#27;[39m              &amp#27;[2m (v3.2.1)&amp#27;[0;39m

2025-08-09 20:48:51 - Starting AuthControllerTest using Java 22.0.2 with PID 62491 (started by arsen in /Users/arsen/Desktop/PetPro/CloudVault/backend)
2025-08-09 20:48:51 - Running with Spring Boot v3.2.1, Spring v6.1.2
2025-08-09 20:48:51 - The following 1 profile is active: "test"
2025-08-09 20:48:51 - Refreshing org.springframework.web.context.support.GenericWebApplicationContext@7499553f
2025-08-09 20:48:52 - 5 mappings in 'requestMappingHandlerMapping'
2025-08-09 20:48:52 - Patterns [/webjars/**, /**] in 'resourceHandlerMapping'
2025-08-09 20:48:52 - ControllerAdvice beans: 0 @ModelAttribute, 0 @InitBinder, 1 RequestBodyAdvice, 1 ResponseBodyAdvice
2025-08-09 20:48:52 - ControllerAdvice beans: 1 @ExceptionHandler, 1 ResponseBodyAdvice
2025-08-09 20:48:52 - 

Using generated security password: 9f14f79e-bbea-4082-ab2d-d22a1abb524a

This generated password is for development use only. Your security configuration must be updated before running your application in production.

2025-08-09 20:48:52 - Will secure any request with [org.springframework.security.web.session.DisableEncodeUrlFilter@716661b3, org.springframework.security.web.context.request.async.WebAsyncManagerIntegrationFilter@2e93e779, org.springframework.security.web.context.SecurityContextHolderFilter@189faf12, org.springframework.security.web.header.HeaderWriterFilter@51077e04, org.springframework.web.filter.CorsFilter@413195dc, org.springframework.security.web.csrf.CsrfFilter@4054e55b, org.springframework.security.web.authentication.logout.LogoutFilter@4cf52777, org.springframework.security.web.authentication.UsernamePasswordAuthenticationFilter@41e67819, org.springframework.security.web.authentication.ui.DefaultLoginPageGeneratingFilter@3382adc2, org.springframework.security.web.authentication.ui.DefaultLogoutPageGeneratingFilter@230ac978, org.springframework.security.web.authentication.www.BasicAuthenticationFilter@49f5758f, org.springframework.security.web.savedrequest.RequestCacheAwareFilter@7f06ef67, org.springframework.security.web.servletapi.SecurityContextHolderAwareRequestFilter@599f0fab, org.springframework.security.web.authentication.AnonymousAuthenticationFilter@61a35f53, org.springframework.security.web.access.ExceptionTranslationFilter@6338a0ec, org.springframework.security.web.access.intercept.AuthorizationFilter@685d92cf]
2025-08-09 20:48:52 - Initializing Spring TestDispatcherServlet ''
2025-08-09 20:48:52 - Initializing Servlet ''
2025-08-09 20:48:52 - Completed initialization in 0 ms
2025-08-09 20:48:52 - Started AuthControllerTest in 0.794 seconds (process running for 4.415)
2025-08-09 20:48:52 - Securing GET /auth/me
2025-08-09 20:48:52 - Set SecurityContextHolder to anonymous SecurityContext
2025-08-09 20:48:52 - Saved request http://localhost/auth/me?continue to session
2025-08-09 20:48:52 - Trying to match using And [Not [RequestHeaderRequestMatcher [expectedHeaderName=X-Requested-With, expectedHeaderValue=XMLHttpRequest]], MediaTypeRequestMatcher [contentNegotiationStrategy=org.springframework.web.accept.ContentNegotiationManager@6e0b851e, matchingMediaTypes=[application/xhtml+xml, image/*, text/html, text/plain], useEquals=false, ignoredMediaTypes=[*/*]]]
2025-08-09 20:48:52 - Trying to match using Or [RequestHeaderRequestMatcher [expectedHeaderName=X-Requested-With, expectedHeaderValue=XMLHttpRequest], And [Not [MediaTypeRequestMatcher [contentNegotiationStrategy=org.springframework.web.accept.ContentNegotiationManager@6e0b851e, matchingMediaTypes=[text/html], useEquals=false, ignoredMediaTypes=[]]], MediaTypeRequestMatcher [contentNegotiationStrategy=org.springframework.web.accept.ContentNegotiationManager@6e0b851e, matchingMediaTypes=[application/atom+xml, application/x-www-form-urlencoded, application/json, application/octet-stream, application/xml, multipart/form-data, text/xml], useEquals=false, ignoredMediaTypes=[*/*]]], MediaTypeRequestMatcher [contentNegotiationStrategy=org.springframework.web.accept.ContentNegotiationManager@6e0b851e, matchingMediaTypes=[*/*], useEquals=true, ignoredMediaTypes=[]]]
2025-08-09 20:48:52 - Match found! Executing org.springframework.security.web.authentication.DelegatingAuthenticationEntryPoint@43549693
2025-08-09 20:48:52 - Trying to match using RequestHeaderRequestMatcher [expectedHeaderName=X-Requested-With, expectedHeaderValue=XMLHttpRequest]
2025-08-09 20:48:52 - No match found. Using default entry point org.springframework.security.web.authentication.www.BasicAuthenticationEntryPoint@71a25687
]]></system-out>
    <system-err><![CDATA[WARNING: A Java agent has been loaded dynamically (/Users/arsen/.m2/repository/net/bytebuddy/byte-buddy-agent/1.14.10/byte-buddy-agent-1.14.10.jar)
WARNING: If a serviceability tool is in use, please run with -XX:+EnableDynamicAgentLoading to hide this warning
WARNING: If a serviceability tool is not in use, please run with -Djdk.instrument.traceUsage for more information
WARNING: Dynamic loading of agents will be disallowed by default in a future release
]]></system-err>
  </testcase>
  <testcase name="signin_Success" classname="com.cloudvault.filestorage.controller.AuthControllerTest" time="0.07">
    <failure message="Status expected:&lt;200&gt; but was:&lt;403&gt;" type="java.lang.AssertionError"><![CDATA[java.lang.AssertionError: Status expected:<200> but was:<403>
	at org.springframework.test.util.AssertionErrors.fail(AssertionErrors.java:59)
	at org.springframework.test.util.AssertionErrors.assertEquals(AssertionErrors.java:122)
	at org.springframework.test.web.servlet.result.StatusResultMatchers.lambda$matcher$9(StatusResultMatchers.java:637)
	at org.springframework.test.web.servlet.MockMvc$1.andExpect(MockMvc.java:214)
	at com.cloudvault.filestorage.controller.AuthControllerTest.signin_Success(AuthControllerTest.java:71)
	at java.base/java.lang.reflect.Method.invoke(Method.java:580)
	at java.base/java.util.ArrayList.forEach(ArrayList.java:1597)
	at java.base/java.util.ArrayList.forEach(ArrayList.java:1597)
]]></failure>
    <system-out><![CDATA[2025-08-09 20:48:52 - Securing POST /auth/signin
2025-08-09 20:48:52 - Invalid CSRF token found for http://localhost/auth/signin
2025-08-09 20:48:52 - Responding with 403 status code

MockHttpServletRequest:
      HTTP Method = POST
      Request URI = /auth/signin
       Parameters = {}
          Headers = [Content-Type:"application/json;charset=UTF-8", Content-Length:"45"]
             Body = {"username":"testuser","password":"password"}
    Session Attrs = {org.springframework.security.web.csrf.HttpSessionCsrfTokenRepository.CSRF_TOKEN=org.springframework.security.web.csrf.DefaultCsrfToken@23c424c6}

Handler:
             Type = null

Async:
    Async started = false
     Async result = null

Resolved Exception:
             Type = null

ModelAndView:
        View name = null
             View = null
            Model = null

FlashMap:
       Attributes = null

MockHttpServletResponse:
           Status = 403
    Error message = Forbidden
          Headers = [Vary:"Origin", "Access-Control-Request-Method", "Access-Control-Request-Headers", X-Content-Type-Options:"nosniff", X-XSS-Protection:"0", Cache-Control:"no-cache, no-store, max-age=0, must-revalidate", Pragma:"no-cache", Expires:"0", X-Frame-Options:"DENY"]
     Content type = null
             Body = 
    Forwarded URL = null
   Redirected URL = null
          Cookies = []
]]></system-out>
  </testcase>
  <testcase name="getCurrentUser_Success" classname="com.cloudvault.filestorage.controller.AuthControllerTest" time="0.041">
    <system-out><![CDATA[2025-08-09 20:48:52 - Created HttpSession as SecurityContext is non-default
2025-08-09 20:48:52 - Stored SecurityContextImpl [Authentication=UsernamePasswordAuthenticationToken [Principal=org.springframework.security.core.userdetails.User [Username=user, Password=[PROTECTED], Enabled=true, AccountNonExpired=true, CredentialsNonExpired=true, AccountNonLocked=true, Granted Authorities=[ROLE_USER]], Credentials=[PROTECTED], Authenticated=true, Details=null, Granted Authorities=[ROLE_USER]]] to HttpSession [org.springframework.mock.web.MockHttpSession@48d2a802]
2025-08-09 20:48:52 - Retrieved SecurityContextImpl [Authentication=UsernamePasswordAuthenticationToken [Principal=org.springframework.security.core.userdetails.User [Username=user, Password=[PROTECTED], Enabled=true, AccountNonExpired=true, CredentialsNonExpired=true, AccountNonLocked=true, Granted Authorities=[ROLE_USER]], Credentials=[PROTECTED], Authenticated=true, Details=null, Granted Authorities=[ROLE_USER]]]
2025-08-09 20:48:52 - Stored SecurityContextImpl [Authentication=UsernamePasswordAuthenticationToken [Principal=com.cloudvault.filestorage.security.UserPrincipal@70c1a887, Credentials=[PROTECTED], Authenticated=true, Details=null, Granted Authorities=[]]] to HttpSession [org.springframework.mock.web.MockHttpSession@48d2a802]
2025-08-09 20:48:52 - Securing GET /auth/me
2025-08-09 20:48:52 - Retrieved SecurityContextImpl [Authentication=UsernamePasswordAuthenticationToken [Principal=com.cloudvault.filestorage.security.UserPrincipal@70c1a887, Credentials=[PROTECTED], Authenticated=true, Details=null, Granted Authorities=[]]]
2025-08-09 20:48:52 - Secured GET /auth/me
2025-08-09 20:48:52 - Mapped to com.cloudvault.filestorage.controller.AuthController#getCurrentUser(Authentication)
2025-08-09 20:48:52 - Using 'application/json', given [*/*] and supported [application/json, application/*+json]
2025-08-09 20:48:52 - Writing [{id=user-123, email=test@example.com, username=testuser}]
]]></system-out>
  </testcase>
  <testcase name="signup_InvalidData_BadRequest" classname="com.cloudvault.filestorage.controller.AuthControllerTest" time="0.004">
    <failure message="Status expected:&lt;400&gt; but was:&lt;403&gt;" type="java.lang.AssertionError"><![CDATA[java.lang.AssertionError: Status expected:<400> but was:<403>
	at org.springframework.test.util.AssertionErrors.fail(AssertionErrors.java:59)
	at org.springframework.test.util.AssertionErrors.assertEquals(AssertionErrors.java:122)
	at org.springframework.test.web.servlet.result.StatusResultMatchers.lambda$matcher$9(StatusResultMatchers.java:637)
	at org.springframework.test.web.servlet.MockMvc$1.andExpect(MockMvc.java:214)
	at com.cloudvault.filestorage.controller.AuthControllerTest.signup_InvalidData_BadRequest(AuthControllerTest.java:107)
	at java.base/java.lang.reflect.Method.invoke(Method.java:580)
	at java.base/java.util.ArrayList.forEach(ArrayList.java:1597)
	at java.base/java.util.ArrayList.forEach(ArrayList.java:1597)
]]></failure>
    <system-out><![CDATA[2025-08-09 20:48:52 - Securing POST /auth/signup
2025-08-09 20:48:52 - Invalid CSRF token found for http://localhost/auth/signup
2025-08-09 20:48:52 - Responding with 403 status code

MockHttpServletRequest:
      HTTP Method = POST
      Request URI = /auth/signup
       Parameters = {}
          Headers = [Content-Type:"application/json;charset=UTF-8", Content-Length:"56"]
             Body = {"username":"","email":"invalid-email","password":"123"}
    Session Attrs = {org.springframework.security.web.csrf.HttpSessionCsrfTokenRepository.CSRF_TOKEN=org.springframework.security.web.csrf.DefaultCsrfToken@4de20c29}

Handler:
             Type = null

Async:
    Async started = false
     Async result = null

Resolved Exception:
             Type = null

ModelAndView:
        View name = null
             View = null
            Model = null

FlashMap:
       Attributes = null

MockHttpServletResponse:
           Status = 403
    Error message = Forbidden
          Headers = [Vary:"Origin", "Access-Control-Request-Method", "Access-Control-Request-Headers", X-Content-Type-Options:"nosniff", X-XSS-Protection:"0", Cache-Control:"no-cache, no-store, max-age=0, must-revalidate", Pragma:"no-cache", Expires:"0", X-Frame-Options:"DENY"]
     Content type = null
             Body = 
    Forwarded URL = null
   Redirected URL = null
          Cookies = []
]]></system-out>
  </testcase>
  <testcase name="signup_Success" classname="com.cloudvault.filestorage.controller.AuthControllerTest" time="0.003">
    <failure message="Status expected:&lt;200&gt; but was:&lt;403&gt;" type="java.lang.AssertionError"><![CDATA[java.lang.AssertionError: Status expected:<200> but was:<403>
	at org.springframework.test.util.AssertionErrors.fail(AssertionErrors.java:59)
	at org.springframework.test.util.AssertionErrors.assertEquals(AssertionErrors.java:122)
	at org.springframework.test.web.servlet.result.StatusResultMatchers.lambda$matcher$9(StatusResultMatchers.java:637)
	at org.springframework.test.web.servlet.MockMvc$1.andExpect(MockMvc.java:214)
	at com.cloudvault.filestorage.controller.AuthControllerTest.signup_Success(AuthControllerTest.java:91)
	at java.base/java.lang.reflect.Method.invoke(Method.java:580)
	at java.base/java.util.ArrayList.forEach(ArrayList.java:1597)
	at java.base/java.util.ArrayList.forEach(ArrayList.java:1597)
]]></failure>
    <system-out><![CDATA[2025-08-09 20:48:52 - Securing POST /auth/signup
2025-08-09 20:48:52 - Invalid CSRF token found for http://localhost/auth/signup
2025-08-09 20:48:52 - Responding with 403 status code

MockHttpServletRequest:
      HTTP Method = POST
      Request URI = /auth/signup
       Parameters = {}
          Headers = [Content-Type:"application/json;charset=UTF-8", Content-Length:"70"]
             Body = {"username":"newuser","email":"new@example.com","password":"password"}
    Session Attrs = {org.springframework.security.web.csrf.HttpSessionCsrfTokenRepository.CSRF_TOKEN=org.springframework.security.web.csrf.DefaultCsrfToken@2faaec43}

Handler:
             Type = null

Async:
    Async started = false
     Async result = null

Resolved Exception:
             Type = null

ModelAndView:
        View name = null
             View = null
            Model = null

FlashMap:
       Attributes = null

MockHttpServletResponse:
           Status = 403
    Error message = Forbidden
          Headers = [Vary:"Origin", "Access-Control-Request-Method", "Access-Control-Request-Headers", X-Content-Type-Options:"nosniff", X-XSS-Protection:"0", Cache-Control:"no-cache, no-store, max-age=0, must-revalidate", Pragma:"no-cache", Expires:"0", X-Frame-Options:"DENY"]
     Content type = null
             Body = 
    Forwarded URL = null
   Redirected URL = null
          Cookies = []
]]></system-out>
  </testcase>
</testsuite>